<?xml version="1.0" encoding="UTF-8"?>
<!-- Generated by org.testng.reporters.JUnitReportReporter -->
<testsuite hostname="DESKTOP-Q54L9MU" failures="0" tests="1" name="extentReports.ToAttachScreenShotIntoReport" time="11.742" errors="0" timestamp="2024-11-07T11:18:22 IST" skipped="0">
  <testcase classname="extentReports.ToAttachScreenShotIntoReport" name="screenshot" time="11.742"/>
  <system-out/>
</testsuite> <!-- extentReports.ToAttachScreenShotIntoReport -->
