<?xml version="1.0" encoding="UTF-8"?>
<!-- Generated by org.testng.reporters.JUnitReportReporter -->
<testsuite hostname="DESKTOP-Q54L9MU" failures="0" tests="1" name="extentReports.ToLearnExtentReports" time="0.561" errors="0" timestamp="2024-11-07T09:34:13 IST" skipped="0">
  <testcase classname="extentReports.ToLearnExtentReports" name="report" time="0.561"/>
  <system-out/>
</testsuite> <!-- extentReports.ToLearnExtentReports -->
