<?xml version="1.0" encoding="UTF-8"?>
<!-- Generated by org.testng.reporters.JUnitReportReporter -->
<testsuite hostname="DESKTOP-Q54L9MU" failures="0" tests="1" name="extentReports.Assignment" time="9.900" errors="0" timestamp="2024-11-07T23:07:00 IST" skipped="0">
  <testcase classname="extentReports.Assignment" name="screenshot" time="9.900"/>
  <system-out/>
</testsuite> <!-- extentReports.Assignment -->
